<?xml version="1.0" encoding="UTF-8" ?>
<testsuite tests="9" failures="0" name="com.github.shmoli.kafka.connect.source.metricsapi.MetricsAPISourceTaskTest" time="0.431" errors="0" skipped="0">
  <properties>
    <property name="java.runtime.name" value="OpenJDK Runtime Environment"/>
    <property name="java.vm.version" value="11.0.8+10"/>
    <property name="sun.boot.library.path" value="/Library/Java/JavaVirtualMachines/adoptopenjdk-11.jdk/Contents/Home/lib"/>
    <property name="gopherProxySet" value="false"/>
    <property name="maven.multiModuleProjectDirectory" value="/Users/johnnymirza/opt/git/CCloudMetrics_to_Splunk/james/connect/ccloud_metrics_source"/>
    <property name="java.vm.vendor" value="AdoptOpenJDK"/>
    <property name="java.vendor.url" value="https://adoptopenjdk.net/"/>
    <property name="guice.disable.misplaced.annotation.check" value="true"/>
    <property name="path.separator" value=":"/>
    <property name="java.vm.name" value="OpenJDK 64-Bit Server VM"/>
    <property name="sun.os.patch.level" value="unknown"/>
    <property name="user.country" value="AU"/>
    <property name="sun.java.launcher" value="SUN_STANDARD"/>
    <property name="java.vm.specification.name" value="Java Virtual Machine Specification"/>
    <property name="user.dir" value="/Users/johnnymirza/opt/git/CCloudMetrics_to_Splunk/james/connect/ccloud_metrics_source"/>
    <property name="java.vm.compressedOopsMode" value="Zero based"/>
    <property name="java.runtime.version" value="11.0.8+10"/>
    <property name="java.awt.graphicsenv" value="sun.awt.CGraphicsEnvironment"/>
    <property name="os.arch" value="x86_64"/>
    <property name="java.io.tmpdir" value="/var/folders/vh/pz5f12hd1rg399f0th63m_3m0000gn/T/"/>
    <property name="line.separator" value="
"/>
    <property name="java.vm.specification.vendor" value="Oracle Corporation"/>
    <property name="os.name" value="Mac OS X"/>
    <property name="classworlds.conf" value="/usr/local/Cellar/maven/3.6.3_1/libexec/bin/m2.conf"/>
    <property name="sun.jnu.encoding" value="UTF-8"/>
    <property name="java.library.path" value="/Users/johnnymirza/Library/Java/Extensions:/Library/Java/Extensions:/Network/Library/Java/Extensions:/System/Library/Java/Extensions:/usr/lib/java:."/>
    <property name="maven.conf" value="/usr/local/Cellar/maven/3.6.3_1/libexec/conf"/>
    <property name="jdk.debug" value="release"/>
    <property name="java.class.version" value="55.0"/>
    <property name="java.specification.name" value="Java Platform API Specification"/>
    <property name="sun.management.compiler" value="HotSpot 64-Bit Tiered Compilers"/>
    <property name="os.version" value="10.15.7"/>
    <property name="library.jansi.path" value="/usr/local/Cellar/maven/3.6.3_1/libexec/lib/jansi-native"/>
    <property name="user.home" value="/Users/johnnymirza"/>
    <property name="user.timezone" value="Australia/Sydney"/>
    <property name="java.awt.printerjob" value="sun.lwawt.macosx.CPrinterJob"/>
    <property name="file.encoding" value="UTF-8"/>
    <property name="java.specification.version" value="11"/>
    <property name="user.name" value="johnnymirza"/>
    <property name="java.class.path" value="/usr/local/Cellar/maven/3.6.3_1/libexec/boot/plexus-classworlds-2.6.0.jar"/>
    <property name="java.vm.specification.version" value="11"/>
    <property name="sun.arch.data.model" value="64"/>
    <property name="sun.java.command" value="org.codehaus.plexus.classworlds.launcher.Launcher package"/>
    <property name="java.home" value="/Library/Java/JavaVirtualMachines/adoptopenjdk-11.jdk/Contents/Home"/>
    <property name="user.language" value="en"/>
    <property name="java.specification.vendor" value="Oracle Corporation"/>
    <property name="awt.toolkit" value="sun.lwawt.macosx.LWCToolkit"/>
    <property name="java.vm.info" value="mixed mode"/>
    <property name="java.version" value="11.0.8"/>
    <property name="java.vendor" value="AdoptOpenJDK"/>
    <property name="maven.home" value="/usr/local/Cellar/maven/3.6.3_1/libexec"/>
    <property name="file.separator" value="/"/>
    <property name="java.version.date" value="2020-07-14"/>
    <property name="java.vendor.url.bug" value="https://github.com/AdoptOpenJDK/openjdk-support/issues"/>
    <property name="sun.io.unicode.encoding" value="UnicodeBig"/>
    <property name="sun.cpu.endian" value="little"/>
    <property name="java.vendor.version" value="AdoptOpenJDK"/>
    <property name="sun.cpu.isalist" value=""/>
  </properties>
  <testcase classname="com.github.shmoli.kafka.connect.source.metricsapi.MetricsAPISourceTaskTest" name="testBuildRecordNamePrefixTopicSep" time="0.19"/>
  <testcase classname="com.github.shmoli.kafka.connect.source.metricsapi.MetricsAPISourceTaskTest" name="testBuildRecordNameWithNoTopic" time="0"/>
  <testcase classname="com.github.shmoli.kafka.connect.source.metricsapi.MetricsAPISourceTaskTest" name="whenSleepUntilNextSampleCalled_timePasses" time="0.232"/>
  <testcase classname="com.github.shmoli.kafka.connect.source.metricsapi.MetricsAPISourceTaskTest" name="testBuildRecordNamePrefix" time="0.002"/>
  <testcase classname="com.github.shmoli.kafka.connect.source.metricsapi.MetricsAPISourceTaskTest" name="testBuildRecordNameNonDefaultSeparator" time="0.002"/>
  <testcase classname="com.github.shmoli.kafka.connect.source.metricsapi.MetricsAPISourceTaskTest" name="testBuildRecordNameWithTopic" time="0.001"/>
  <testcase classname="com.github.shmoli.kafka.connect.source.metricsapi.MetricsAPISourceTaskTest" name="whenGetNextSampleTimeCalled_timeIsValid" time="0"/>
  <testcase classname="com.github.shmoli.kafka.connect.source.metricsapi.MetricsAPISourceTaskTest" name="whenGetNextSampleTimeCalled_timeIsMinuteAligned" time="0"/>
  <testcase classname="com.github.shmoli.kafka.connect.source.metricsapi.MetricsAPISourceTaskTest" name="testTimestampParsing" time="0.004"/>
</testsuite>